\BOOKMARK [1][-]{section*.2}{\376\377\000S\000a\000m\000p\000l\000e\000\040\000r\000e\000p\000r\000e\000s\000e\000n\000t\000a\000t\000i\000o\000n}{}% 1
\BOOKMARK [2][-]{section*.3}{\376\377\000T\000a\000b\000l\000e\000\040\0001}{section*.2}% 2
\BOOKMARK [2][-]{section*.4}{\376\377\000T\000a\000b\000l\000e\000\040\0002\000,\000\040\000t\000a\000b\000l\000e\000\040\0003}{section*.2}% 3
\BOOKMARK [2][-]{section*.5}{\376\377\000P\000l\000o\000t\000\040\0001\000,\000\040\000p\000l\000o\000t\000\040\0002}{section*.2}% 4
\BOOKMARK [1][-]{section*.6}{\376\377\000P\000r\000e\000v\000a\000l\000e\000n\000c\000e\000\040\000a\000n\000d\000\040\000c\000a\000u\000s\000e\000s\000\040\000o\000f\000\040\000d\000i\000s\000t\000a\000n\000c\000e\000\040\000v\000i\000s\000i\000o\000n\000\040\000i\000m\000p\000a\000i\000r\000m\000e\000n\000t}{}% 5
\BOOKMARK [2][-]{section*.7}{\376\377\000T\000a\000b\000l\000e\000\040\0004\000,\000\040\000t\000a\000b\000l\000e\000\040\0005}{section*.6}% 6
\BOOKMARK [2][-]{section*.8}{\376\377\000T\000a\000b\000l\000e\000\040\0006\000,\000\040\000t\000a\000b\000l\000e\000\040\0007}{section*.6}% 7
\BOOKMARK [2][-]{section*.9}{\376\377\000T\000a\000b\000l\000e\000\040\0008\000,\000\040\000t\000a\000b\000l\000e\000\040\0009}{section*.6}% 8
\BOOKMARK [2][-]{section*.10}{\376\377\000P\000l\000o\000t\000\040\0003}{section*.6}% 9
\BOOKMARK [2][-]{section*.11}{\376\377\000T\000a\000b\000l\000e\000\040\0001\0000\000,\000\040\000t\000a\000b\000l\000e\000\040\0001\0001}{section*.6}% 10
\BOOKMARK [2][-]{section*.12}{\376\377\000T\000a\000b\000l\000e\000\040\0001\0002\000,\000\040\000t\000a\000b\000l\000e\000\040\0001\0003}{section*.6}% 11
\BOOKMARK [1][-]{section*.13}{\376\377\000C\000a\000t\000a\000r\000a\000c\000t}{}% 12
\BOOKMARK [2][-]{section*.14}{\376\377\000T\000a\000b\000l\000e\000\040\0001\0004\000,\000\040\000t\000a\000b\000l\000e\000\040\0001\0005}{section*.13}% 13
\BOOKMARK [2][-]{section*.15}{\376\377\000T\000a\000b\000l\000e\000\040\0001\0006}{section*.13}% 14
\BOOKMARK [2][-]{section*.16}{\376\377\000T\000a\000b\000l\000e\000\040\0001\0007}{section*.13}% 15
\BOOKMARK [1][-]{section*.17}{\376\377\000S\000u\000r\000g\000i\000c\000a\000l\000\040\000o\000u\000t\000c\000o\000m\000e\000s}{}% 16
\BOOKMARK [2][-]{section*.18}{\376\377\000T\000a\000b\000l\000e\000\040\0001\0008}{section*.17}% 17
\BOOKMARK [2][-]{section*.19}{\376\377\000T\000a\000b\000l\000e\000\040\0001\0009\000,\000\040\000t\000a\000b\000l\000e\000\040\0002\0000}{section*.17}% 18
\BOOKMARK [2][-]{section*.20}{\376\377\000T\000a\000b\000l\000e\000\040\0002\0001\000,\000\040\000t\000a\000b\000l\000e\000\040\0002\0002}{section*.17}% 19
\BOOKMARK [1][-]{section*.21}{\376\377\000N\000o\000t\000e\000s}{}% 20
\BOOKMARK [2][-]{section*.22}{\376\377\000A\000b\000b\000r\000e\000v\000i\000a\000t\000i\000o\000n\000s}{section*.21}% 21
\BOOKMARK [2][-]{section*.23}{\376\377\000S\000n\000e\000l\000l\000e\000n\000\040\000t\000o\000\040\000l\000o\000g\000M\000A\000R\000\040\000c\000o\000n\000v\000e\000r\000s\000i\000o\000n}{section*.21}% 22
\BOOKMARK [2][-]{section*.24}{\376\377\000B\000i\000l\000a\000t\000e\000r\000a\000l\000\040\000V\000I}{section*.21}% 23
\BOOKMARK [2][-]{section*.25}{\376\377\000U\000n\000i\000l\000a\000t\000e\000r\000a\000l\000\040\000V\000I}{section*.21}% 24
\BOOKMARK [2][-]{section*.26}{\376\377\000C\000a\000t\000a\000r\000a\000c\000t\000-\000r\000e\000l\000a\000t\000e\000d\000\040\000V\000I\000\040\000a\000n\000d\000\040\000s\000u\000r\000g\000i\000c\000a\000l\000\040\000o\000u\000t\000c\000o\000m\000e\000s}{section*.21}% 25
\BOOKMARK [2][-]{section*.27}{\376\377\000C\000a\000t\000a\000r\000a\000c\000t\000\040\000s\000u\000r\000g\000i\000c\000a\000l\000\040\000c\000o\000v\000e\000r\000a\000g\000e\000\040\000\050\000C\000S\000C\000\051}{section*.21}% 26
\BOOKMARK [2][-]{section*.28}{\376\377\0009\0005\000\045\000\040\000C\000o\000n\000f\000i\000d\000e\000n\000c\000e\000\040\000I\000n\000t\000e\000r\000v\000a\000l}{section*.21}% 27
